<?xml version="1.0" encoding="UTF-8"?>
<!-- Generated by org.testng.reporters.JUnitReportReporter -->
<testsuite hostname="RFL596" failures="0" tests="5" name="runnerClasses.MyRunner" time="10.487" errors="0" timestamp="2022-09-15T21:13:03 IST" skipped="0">
  <testcase classname="runnerClasses.MyRunner" name="scenario" time="2.830"/>
  <system-out/>
  <testcase classname="runnerClasses.MyRunner" name="scenario" time="1.829"/>
  <system-out/>
  <testcase classname="runnerClasses.MyRunner" name="scenario" time="1.882"/>
  <system-out/>
  <testcase classname="runnerClasses.MyRunner" name="scenario" time="1.361"/>
  <system-out/>
  <testcase classname="runnerClasses.MyRunner" name="scenario" time="2.585"/>
  <system-out/>
</testsuite> <!-- runnerClasses.MyRunner -->
